<?xml version="1.0" encoding="UTF-8"?>
<!-- Generated by org.testng.reporters.JUnitReportReporter -->
<testsuite hostname="PROBOOK" failures="0" tests="3" name="magentoProject2.myTest" time="44.378" errors="0" timestamp="2024-09-20T21:08:42 EET" skipped="0">
  <testcase classname="magentoProject2.myTest" name="log_in" time="3.408"/>
  <system-out/>
  <testcase classname="magentoProject2.myTest" name="add_to_cart" time="40.943"/>
  <system-out/>
  <testcase classname="magentoProject2.myTest" name="totalnumber" time="0.027"/>
  <system-out/>
</testsuite> <!-- magentoProject2.myTest -->
